F:\DOM\ENSEIGNEMENT\PROJET_SYNTHESE_L3\EXOVISITEURDERIVEE\DEBUG\EXOVISITEURDERIVEE.EXE
F:\DOM\ENSEIGNEMENT\PROJET_SYNTHESE_L3\EXOVISITEURDERIVEE\DEBUG\EXOVISITEURDERIVEE.ILK
F:\DOM\ENSEIGNEMENT\PROJET_SYNTHESE_L3\EXOVISITEURDERIVEE\DEBUG\EXOVISITEURDERIVEE.PDB
F:\Dom\enseignement\projet_synthese_L3\exovisiteurderivee\exovisiteurderivee\Debug\cl.command.1.tlog
F:\Dom\enseignement\projet_synthese_L3\exovisiteurderivee\exovisiteurderivee\Debug\CL.read.1.tlog
F:\Dom\enseignement\projet_synthese_L3\exovisiteurderivee\exovisiteurderivee\Debug\CL.write.1.tlog
F:\DOM\ENSEIGNEMENT\PROJET_SYNTHESE_L3\EXOVISITEURDERIVEE\EXOVISITEURDERIVEE\DEBUG\CONSTANTE.OBJ
F:\DOM\ENSEIGNEMENT\PROJET_SYNTHESE_L3\EXOVISITEURDERIVEE\EXOVISITEURDERIVEE\DEBUG\EXOVISITEURDERIVEE.EXE.INTERMEDIATE.MANIFEST
F:\Dom\enseignement\projet_synthese_L3\exovisiteurderivee\exovisiteurderivee\Debug\exovisiteurderivee.write.1.tlog
F:\DOM\ENSEIGNEMENT\PROJET_SYNTHESE_L3\EXOVISITEURDERIVEE\EXOVISITEURDERIVEE\DEBUG\EXPRESSION.OBJ
F:\DOM\ENSEIGNEMENT\PROJET_SYNTHESE_L3\EXOVISITEURDERIVEE\EXOVISITEURDERIVEE\DEBUG\FOIS.OBJ
F:\Dom\enseignement\projet_synthese_L3\exovisiteurderivee\exovisiteurderivee\Debug\link.command.1.tlog
F:\Dom\enseignement\projet_synthese_L3\exovisiteurderivee\exovisiteurderivee\Debug\link.read.1.tlog
F:\Dom\enseignement\projet_synthese_L3\exovisiteurderivee\exovisiteurderivee\Debug\link.write.1.tlog
F:\Dom\enseignement\projet_synthese_L3\exovisiteurderivee\exovisiteurderivee\Debug\mt.command.1.tlog
F:\Dom\enseignement\projet_synthese_L3\exovisiteurderivee\exovisiteurderivee\Debug\mt.read.1.tlog
F:\Dom\enseignement\projet_synthese_L3\exovisiteurderivee\exovisiteurderivee\Debug\mt.write.1.tlog
F:\DOM\ENSEIGNEMENT\PROJET_SYNTHESE_L3\EXOVISITEURDERIVEE\EXOVISITEURDERIVEE\DEBUG\OPBINAIRE.OBJ
F:\DOM\ENSEIGNEMENT\PROJET_SYNTHESE_L3\EXOVISITEURDERIVEE\EXOVISITEURDERIVEE\DEBUG\PLUS.OBJ
F:\DOM\ENSEIGNEMENT\PROJET_SYNTHESE_L3\EXOVISITEURDERIVEE\EXOVISITEURDERIVEE\DEBUG\TESTVISITEURDERIVEE.OBJ
F:\DOM\ENSEIGNEMENT\PROJET_SYNTHESE_L3\EXOVISITEURDERIVEE\EXOVISITEURDERIVEE\DEBUG\VARIABLE.OBJ
F:\Dom\enseignement\projet_synthese_L3\exovisiteurderivee\exovisiteurderivee\Debug\vc100.idb
F:\DOM\ENSEIGNEMENT\PROJET_SYNTHESE_L3\EXOVISITEURDERIVEE\EXOVISITEURDERIVEE\DEBUG\VC100.PDB
