La génération a démarré 08/09/2014 00:33:06.
     1>Projet "F:\Dom\enseignement\projet_synthese_L3\exovisiteurderivee\exovisiteurderivee\exovisiteurderivee.vcxproj" sur le nœud 2 (build cible(s)).
     1>InitializeBuildStatus:
         Création de "Debug\exovisiteurderivee.unsuccessfulbuild", car "AlwaysCreate" a été spécifié.
       ClCompile:
         C:\Program Files (x86)\Microsoft Visual Studio 10.0\VC\bin\CL.exe /c /ZI /nologo /W3 /WX- /Od /Oy- /D _MBCS /Gm /EHsc /RTC1 /MDd /GS /fp:precise /Zc:wchar_t /Zc:forScope /Fo"Debug\\" /Fd"Debug\vc100.pdb" /Gd /TP /analyze- /errorReport:prompt Fois.cpp OpBinaire.cpp Plus.cpp TestVisiteurDerivee.cpp
         Fois.cpp
         Génération de code en cours...
         Compilation en cours...
         TestVisiteurDerivee.cpp
         Plus.cpp
         OpBinaire.cpp
         Génération de code en cours...
       Link:
         C:\Program Files (x86)\Microsoft Visual Studio 10.0\VC\bin\link.exe /ERRORREPORT:PROMPT /OUT:"F:\Dom\enseignement\projet_synthese_L3\exovisiteurderivee\Debug\exovisiteurderivee.exe" /NOLOGO kernel32.lib user32.lib gdi32.lib winspool.lib comdlg32.lib advapi32.lib shell32.lib ole32.lib oleaut32.lib uuid.lib odbc32.lib odbccp32.lib /MANIFEST /ManifestFile:"Debug\exovisiteurderivee.exe.intermediate.manifest" /MANIFESTUAC:"level='asInvoker' uiAccess='false'" /DEBUG /PDB:"F:\Dom\enseignement\projet_synthese_L3\exovisiteurderivee\Debug\exovisiteurderivee.pdb" /TLBID:1 /DYNAMICBASE /NXCOMPAT /IMPLIB:"F:\Dom\enseignement\projet_synthese_L3\exovisiteurderivee\Debug\exovisiteurderivee.lib" /MACHINE:X86 Debug\Constante.obj
         Debug\Expression.obj
         Debug\Fois.obj
         Debug\OpBinaire.obj
         Debug\Plus.obj
         Debug\TestVisiteurDerivee.obj
         Debug\Variable.obj
         LINK : F:\Dom\enseignement\projet_synthese_L3\exovisiteurderivee\Debug\exovisiteurderivee.exe introuvable ou non généré par la dernière édition de liens incrémentielle ; édition de liens complète en cours
         exovisiteurderivee.vcxproj -> F:\Dom\enseignement\projet_synthese_L3\exovisiteurderivee\Debug\exovisiteurderivee.exe
       Manifest:
         C:\Program Files (x86)\Microsoft SDKs\Windows\v7.0A\bin\mt.exe /nologo /verbose /outputresource:"F:\Dom\enseignement\projet_synthese_L3\exovisiteurderivee\Debug\exovisiteurderivee.exe;#1" /manifest Debug\exovisiteurderivee.exe.intermediate.manifest
       FinalizeBuildStatus:
         Suppression du fichier "Debug\exovisiteurderivee.unsuccessfulbuild".
         Mise à jour de l'horodatage "Debug\exovisiteurderivee.lastbuildstate".
     1>Génération du projet "F:\Dom\enseignement\projet_synthese_L3\exovisiteurderivee\exovisiteurderivee\exovisiteurderivee.vcxproj" terminée (build cible(s)).

La génération a réussi.

Temps écoulé 00:00:03.02
