La génération a démarré 08/09/2014 21:13:59.
     1>Projet "F:\Dom\enseignement\projet_synthese_L3\simplevisiteur\simplevisiteur\simplevisiteur.vcxproj" sur le nœud 2 (build cible(s)).
     1>InitializeBuildStatus:
         Création de "Debug\simplevisiteur.unsuccessfulbuild", car "AlwaysCreate" a été spécifié.
       ClCompile:
         C:\Program Files (x86)\Microsoft Visual Studio 10.0\VC\bin\CL.exe /c /ZI /nologo /W3 /WX- /Od /Oy- /D _MBCS /Gm /EHsc /RTC1 /MDd /GS /fp:precise /Zc:wchar_t /Zc:forScope /Fo"Debug\\" /Fd"Debug\vc100.pdb" /Gd /TP /analyze- /errorReport:prompt TestSimpleVisiteur.cpp
         TestSimpleVisiteur.cpp
       Link:
         C:\Program Files (x86)\Microsoft Visual Studio 10.0\VC\bin\link.exe /ERRORREPORT:PROMPT /OUT:"F:\Dom\enseignement\projet_synthese_L3\simplevisiteur\Debug\simplevisiteur.exe" /NOLOGO kernel32.lib user32.lib gdi32.lib winspool.lib comdlg32.lib advapi32.lib shell32.lib ole32.lib oleaut32.lib uuid.lib odbc32.lib odbccp32.lib /MANIFEST /ManifestFile:"Debug\simplevisiteur.exe.intermediate.manifest" /MANIFESTUAC:"level='asInvoker' uiAccess='false'" /DEBUG /PDB:"F:\Dom\enseignement\projet_synthese_L3\simplevisiteur\Debug\simplevisiteur.pdb" /TLBID:1 /DYNAMICBASE /NXCOMPAT /IMPLIB:"F:\Dom\enseignement\projet_synthese_L3\simplevisiteur\Debug\simplevisiteur.lib" /MACHINE:X86 Debug\A1.obj
         Debug\B1.obj
         Debug\C1.obj
         Debug\TestSimpleVisiteur.obj
         Debug\Visiteur1A1B1C1.obj
         Debug\Visiteur2A1B1C1.obj
         Debug\VisiteurA1B1C1.obj
         LINK : F:\Dom\enseignement\projet_synthese_L3\simplevisiteur\Debug\simplevisiteur.exe introuvable ou non généré par la dernière édition de liens incrémentielle ; édition de liens complète en cours
         simplevisiteur.vcxproj -> F:\Dom\enseignement\projet_synthese_L3\simplevisiteur\Debug\simplevisiteur.exe
       Manifest:
         C:\Program Files (x86)\Microsoft SDKs\Windows\v7.0A\bin\mt.exe /nologo /verbose /outputresource:"F:\Dom\enseignement\projet_synthese_L3\simplevisiteur\Debug\simplevisiteur.exe;#1" /manifest Debug\simplevisiteur.exe.intermediate.manifest
       FinalizeBuildStatus:
         Suppression du fichier "Debug\simplevisiteur.unsuccessfulbuild".
         Mise à jour de l'horodatage "Debug\simplevisiteur.lastbuildstate".
     1>Génération du projet "F:\Dom\enseignement\projet_synthese_L3\simplevisiteur\simplevisiteur\simplevisiteur.vcxproj" terminée (build cible(s)).

La génération a réussi.

Temps écoulé 00:00:03.92
