La génération a démarré 08/09/2014 22:03:16.
     1>Projet "F:\Dom\enseignement\projet_synthese_L3\visiteurVerbes\visiteurVerbes\visiteurVerbes.vcxproj" sur le nœud 2 (build cible(s)).
     1>InitializeBuildStatus:
         Création de "Debug\visiteurVerbes.unsuccessfulbuild", car "AlwaysCreate" a été spécifié.
       ClCompile:
         C:\Program Files (x86)\Microsoft Visual Studio 10.0\VC\bin\CL.exe /c /ZI /nologo /W3 /WX- /Od /Oy- /Gm /EHsc /RTC1 /MDd /GS /fp:precise /Zc:wchar_t /Zc:forScope /Fo"Debug\\" /Fd"Debug\vc100.pdb" /Gd /TP /analyze- /errorReport:prompt TestVerbes.cpp
         TestVerbes.cpp
     1>f:\dom\enseignement\projet_synthese_l3\visiteurverbes\visiteurverbes\testverbes.cpp(26): warning C4996: 'strcpy': This function or variable may be unsafe. Consider using strcpy_s instead. To disable deprecation, use _CRT_SECURE_NO_WARNINGS. See online help for details.
                 c:\program files (x86)\microsoft visual studio 10.0\vc\include\string.h(105) : voir la déclaration de 'strcpy'
       Link:
         C:\Program Files (x86)\Microsoft Visual Studio 10.0\VC\bin\link.exe /ERRORREPORT:PROMPT /OUT:"F:\Dom\enseignement\projet_synthese_L3\visiteurVerbes\Debug\visiteurVerbes.exe" /INCREMENTAL:NO /NOLOGO kernel32.lib user32.lib gdi32.lib winspool.lib comdlg32.lib advapi32.lib shell32.lib ole32.lib oleaut32.lib uuid.lib odbc32.lib odbccp32.lib /MANIFEST /ManifestFile:"Debug\visiteurVerbes.exe.intermediate.manifest" /MANIFESTUAC:"level='asInvoker' uiAccess='false'" /DEBUG /PDB:"F:\Dom\enseignement\projet_synthese_L3\visiteurVerbes\Debug\visiteurVerbes.pdb" /TLBID:1 /DYNAMICBASE /NXCOMPAT /IMPLIB:"F:\Dom\enseignement\projet_synthese_L3\visiteurVerbes\Debug\visiteurVerbes.lib" /MACHINE:X86 Debug\Erreur.obj
         Debug\ParticipePasse.obj
         Debug\PasseSimple.obj
         Debug\TestAccents.obj
         Debug\TestVerbes.obj
         Debug\Verbe.obj
         Debug\Verbe1erGroupe.obj
         Debug\Verbe2emeGroupe.obj
         Debug\VisiteurVerbe.obj
     1>Erreur.obj : warning LNK4075: ' /EDITANDCONTINUE' ignoré à cause de la spécification '/INCREMENTAL:NO'
         visiteurVerbes.vcxproj -> F:\Dom\enseignement\projet_synthese_L3\visiteurVerbes\Debug\visiteurVerbes.exe
       Manifest:
         C:\Program Files (x86)\Microsoft SDKs\Windows\v7.0A\bin\mt.exe /nologo /verbose /outputresource:"F:\Dom\enseignement\projet_synthese_L3\visiteurVerbes\Debug\visiteurVerbes.exe;#1" /manifest Debug\visiteurVerbes.exe.intermediate.manifest
       FinalizeBuildStatus:
         Suppression du fichier "Debug\visiteurVerbes.unsuccessfulbuild".
         Mise à jour de l'horodatage "Debug\visiteurVerbes.lastbuildstate".
     1>Génération du projet "F:\Dom\enseignement\projet_synthese_L3\visiteurVerbes\visiteurVerbes\visiteurVerbes.vcxproj" terminée (build cible(s)).

La génération a réussi.

Temps écoulé 00:00:02.55
