F:\DOM\ENSEIGNEMENT\PROJET_SYNTHESE_L3\VISITEURVERBES\DEBUG\VISITEURVERBES.EXE
F:\DOM\ENSEIGNEMENT\PROJET_SYNTHESE_L3\VISITEURVERBES\DEBUG\VISITEURVERBES.PDB
F:\Dom\enseignement\projet_synthese_L3\visiteurVerbes\visiteurVerbes\Debug\cl.command.1.tlog
F:\Dom\enseignement\projet_synthese_L3\visiteurVerbes\visiteurVerbes\Debug\CL.read.1.tlog
F:\Dom\enseignement\projet_synthese_L3\visiteurVerbes\visiteurVerbes\Debug\CL.write.1.tlog
F:\DOM\ENSEIGNEMENT\PROJET_SYNTHESE_L3\VISITEURVERBES\VISITEURVERBES\DEBUG\ERREUR.OBJ
F:\Dom\enseignement\projet_synthese_L3\visiteurVerbes\visiteurVerbes\Debug\link.command.1.tlog
F:\Dom\enseignement\projet_synthese_L3\visiteurVerbes\visiteurVerbes\Debug\link.read.1.tlog
F:\Dom\enseignement\projet_synthese_L3\visiteurVerbes\visiteurVerbes\Debug\link.write.1.tlog
F:\Dom\enseignement\projet_synthese_L3\visiteurVerbes\visiteurVerbes\Debug\mt.command.1.tlog
F:\Dom\enseignement\projet_synthese_L3\visiteurVerbes\visiteurVerbes\Debug\mt.read.1.tlog
F:\Dom\enseignement\projet_synthese_L3\visiteurVerbes\visiteurVerbes\Debug\mt.write.1.tlog
F:\DOM\ENSEIGNEMENT\PROJET_SYNTHESE_L3\VISITEURVERBES\VISITEURVERBES\DEBUG\PARTICIPEPASSE.OBJ
F:\DOM\ENSEIGNEMENT\PROJET_SYNTHESE_L3\VISITEURVERBES\VISITEURVERBES\DEBUG\PASSESIMPLE.OBJ
F:\DOM\ENSEIGNEMENT\PROJET_SYNTHESE_L3\VISITEURVERBES\VISITEURVERBES\DEBUG\TESTACCENTS.OBJ
F:\DOM\ENSEIGNEMENT\PROJET_SYNTHESE_L3\VISITEURVERBES\VISITEURVERBES\DEBUG\TESTVERBES.OBJ
F:\Dom\enseignement\projet_synthese_L3\visiteurVerbes\visiteurVerbes\Debug\vc100.idb
F:\DOM\ENSEIGNEMENT\PROJET_SYNTHESE_L3\VISITEURVERBES\VISITEURVERBES\DEBUG\VC100.PDB
F:\DOM\ENSEIGNEMENT\PROJET_SYNTHESE_L3\VISITEURVERBES\VISITEURVERBES\DEBUG\VERBE.OBJ
F:\DOM\ENSEIGNEMENT\PROJET_SYNTHESE_L3\VISITEURVERBES\VISITEURVERBES\DEBUG\VERBE1ERGROUPE.OBJ
F:\DOM\ENSEIGNEMENT\PROJET_SYNTHESE_L3\VISITEURVERBES\VISITEURVERBES\DEBUG\VERBE2EMEGROUPE.OBJ
F:\DOM\ENSEIGNEMENT\PROJET_SYNTHESE_L3\VISITEURVERBES\VISITEURVERBES\DEBUG\VISITEURVERBE.OBJ
F:\DOM\ENSEIGNEMENT\PROJET_SYNTHESE_L3\VISITEURVERBES\VISITEURVERBES\DEBUG\VISITEURVERBES.EXE.INTERMEDIATE.MANIFEST
F:\Dom\enseignement\projet_synthese_L3\visiteurVerbes\visiteurVerbes\Debug\visiteurVerbes.vcxprojResolveAssemblyReference.cache
F:\Dom\enseignement\projet_synthese_L3\visiteurVerbes\visiteurVerbes\Debug\visiteurVerbes.write.1.tlog
